<?xml version="1.0" encoding="UTF-8"?>
<!-- Generated by org.testng.reporters.JUnitReportReporter -->
<testsuite skipped="0" hostname="Poo" name="ecom_Pack.Day10" tests="2" failures="0" timestamp="2022-10-24T00:13:44 IST" time="14.906" errors="0">
  <testcase name="exportAll" time="14.902" classname="ecom_Pack.Day10"/>
  <system-out/>
  <testcase name="readFile" time="0.004" classname="ecom_Pack.Day10"/>
  <system-out/>
</testsuite> <!-- ecom_Pack.Day10 -->
