<?xml version="1.0" encoding="UTF-8"?>
<!-- Generated by org.testng.reporters.JUnitReportReporter -->
<testsuite skipped="0" hostname="Poo" name="ecom_Pack.Day1" tests="1" failures="0" timestamp="2022-10-24T00:33:24 IST" time="2.295" errors="0">
  <testcase name="verify" time="2.295" classname="ecom_Pack.Day1"/>
  <system-out/>
</testsuite> <!-- ecom_Pack.Day1 -->
